<?xml version="1.0" encoding="UTF-8"?>
<!-- Generated by org.testng.reporters.JUnitReportReporter -->
<testsuite hostname="DESKTOP-ITV9J04" failures="0" tests="8" name="deliverymuchbrasil.com.automation_test.ValidateExtendNumberPTBR" time="5.039" errors="0" timestamp="2020-11-26T07:09:13 BRT" skipped="0">
  <testcase classname="deliverymuchbrasil.com.automation_test.ValidateExtendNumberPTBR" name="validateNumberExtensionPTBR" time="0.489"/>
  <testcase classname="deliverymuchbrasil.com.automation_test.ValidateExtendNumberPTBR" name="validateNumberExtensionPTBR" time="0.491"/>
  <testcase classname="deliverymuchbrasil.com.automation_test.ValidateExtendNumberPTBR" name="validateNumberExtensionPTBR" time="0.495"/>
  <testcase classname="deliverymuchbrasil.com.automation_test.ValidateExtendNumberPTBR" name="validateNumberExtensionPTBR" time="0.492"/>
  <testcase classname="deliverymuchbrasil.com.automation_test.ValidateExtendNumberPTBR" name="validateNumberExtensionPTBR" time="0.506"/>
  <testcase classname="deliverymuchbrasil.com.automation_test.ValidateExtendNumberPTBR" name="validateNumberExtensionPTBR" time="0.519"/>
  <testcase classname="deliverymuchbrasil.com.automation_test.ValidateExtendNumberPTBR" name="validateNumberExtensionPTBR" time="0.481"/>
  <testcase classname="deliverymuchbrasil.com.automation_test.ValidateExtendNumberPTBR" name="validateNumberExtensionPTBR" time="1.566"/>
</testsuite> <!-- deliverymuchbrasil.com.automation_test.ValidateExtendNumberPTBR -->
