<?xml version="1.0" encoding="UTF-8"?>
<!-- Generated by org.testng.reporters.JUnitReportReporter -->
<testsuite hostname="DESKTOP-ITV9J04" failures="0" tests="17" name="deliverymuchbrasil.com.automation_test.ValidateExtendNumberPTBR" time="8.193" errors="0" timestamp="2020-11-26T08:45:50 BRT" skipped="0">
  <testcase classname="deliverymuchbrasil.com.automation_test.ValidateExtendNumberPTBR" name="validateNumberExtensionPTBR" time="0.471"/>
  <testcase classname="deliverymuchbrasil.com.automation_test.ValidateExtendNumberPTBR" name="validateInvalidNumberPTBR" time="0.487"/>
  <testcase classname="deliverymuchbrasil.com.automation_test.ValidateExtendNumberPTBR" name="validateNumberExtensionPTBR" time="0.472"/>
  <testcase classname="deliverymuchbrasil.com.automation_test.ValidateExtendNumberPTBR" name="validateStatusCodePTBR" time="0.482"/>
  <testcase classname="deliverymuchbrasil.com.automation_test.ValidateExtendNumberPTBR" name="validateStatusCodePTBR" time="0.491"/>
  <testcase classname="deliverymuchbrasil.com.automation_test.ValidateExtendNumberPTBR" name="validateStatusCodePTBR" time="0.468"/>
  <testcase classname="deliverymuchbrasil.com.automation_test.ValidateExtendNumberPTBR" name="validateStatusCodePTBR" time="0.484"/>
  <testcase classname="deliverymuchbrasil.com.automation_test.ValidateExtendNumberPTBR" name="validateStatusCodePTBR" time="0.514"/>
  <testcase classname="deliverymuchbrasil.com.automation_test.ValidateExtendNumberPTBR" name="validateNumberExtensionPTBR" time="0.477"/>
  <testcase classname="deliverymuchbrasil.com.automation_test.ValidateExtendNumberPTBR" name="validateStatusCodePTBR" time="0.471"/>
  <testcase classname="deliverymuchbrasil.com.automation_test.ValidateExtendNumberPTBR" name="validateNumberExtensionPTBR" time="0.493"/>
  <testcase classname="deliverymuchbrasil.com.automation_test.ValidateExtendNumberPTBR" name="validateNumberExtensionPTBR" time="0.484"/>
  <testcase classname="deliverymuchbrasil.com.automation_test.ValidateExtendNumberPTBR" name="validateStatusCodePTBR" time="0.486"/>
  <testcase classname="deliverymuchbrasil.com.automation_test.ValidateExtendNumberPTBR" name="validateNumberExtensionPTBR" time="0.480"/>
  <testcase classname="deliverymuchbrasil.com.automation_test.ValidateExtendNumberPTBR" name="validateNumberExtensionPTBR" time="0.483"/>
  <testcase classname="deliverymuchbrasil.com.automation_test.ValidateExtendNumberPTBR" name="validateNumberExtensionPTBR" time="0.472"/>
  <testcase classname="deliverymuchbrasil.com.automation_test.ValidateExtendNumberPTBR" name="validateStatusCodePTBR" time="0.478"/>
</testsuite> <!-- deliverymuchbrasil.com.automation_test.ValidateExtendNumberPTBR -->
