<?xml version="1.0" encoding="UTF-8"?>
<!-- Generated by org.testng.reporters.JUnitReportReporter -->
<testsuite hostname="DESKTOP-ITV9J04" failures="1" tests="13" name="deliverymuchbrasil.com.automation_test.TestProva" time="7.480" errors="0" timestamp="2020-11-24T21:48:20 BRT" skipped="0">
  <testcase classname="deliverymuchbrasil.com.automation_test.TestProva" name="TestProva" time="0.487">
    <failure message="
Expecting:
 &lt;&quot;tres&quot;&gt;
to be equal to:
 &lt;&quot;três&quot;&gt;
but was not." type="java.lang.AssertionError">
      <![CDATA[java.lang.AssertionError: 
Expecting:
 <"tres">
to be equal to:
 <"três">
but was not.
at quimera.test.utilities.assertion.RestAssertion.isEqualText(RestAssertion.java:47)
at deliverymuchbrasil.com.automation_test.TestProva.TestProva(TestProva.java:42)
at java.base/jdk.internal.reflect.NativeMethodAccessorImpl.invoke0(Native Method)
at java.base/jdk.internal.reflect.NativeMethodAccessorImpl.invoke(NativeMethodAccessorImpl.java:62)
at java.base/jdk.internal.reflect.DelegatingMethodAccessorImpl.invoke(DelegatingMethodAccessorImpl.java:43)
at java.base/java.lang.reflect.Method.invoke(Method.java:566)
at org.testng.internal.MethodInvocationHelper.invokeMethod(MethodInvocationHelper.java:133)
at org.testng.internal.TestInvoker.invokeMethod(TestInvoker.java:584)
at org.testng.internal.TestInvoker.invokeTestMethod(TestInvoker.java:172)
at org.testng.internal.MethodRunner.runInSequence(MethodRunner.java:46)
at org.testng.internal.TestInvoker$MethodInvocationAgent.invoke(TestInvoker.java:804)
at org.testng.internal.TestInvoker.invokeTestMethods(TestInvoker.java:145)
at org.testng.internal.TestMethodWorker.invokeTestMethods(TestMethodWorker.java:146)
at org.testng.internal.TestMethodWorker.run(TestMethodWorker.java:128)
at java.base/java.util.ArrayList.forEach(ArrayList.java:1541)
at org.testng.TestRunner.privateRun(TestRunner.java:770)
at org.testng.TestRunner.run(TestRunner.java:591)
at org.testng.SuiteRunner.runTest(SuiteRunner.java:402)
at org.testng.SuiteRunner.runSequentially(SuiteRunner.java:396)
at org.testng.SuiteRunner.privateRun(SuiteRunner.java:355)
at org.testng.SuiteRunner.run(SuiteRunner.java:304)
at org.testng.SuiteRunnerWorker.runSuite(SuiteRunnerWorker.java:53)
at org.testng.SuiteRunnerWorker.run(SuiteRunnerWorker.java:96)
at org.testng.TestNG.runSuitesSequentially(TestNG.java:1180)
at org.testng.TestNG.runSuitesLocally(TestNG.java:1102)
at org.testng.TestNG.runSuites(TestNG.java:1032)
at org.testng.TestNG.run(TestNG.java:1000)
at org.testng.remote.AbstractRemoteTestNG.run(AbstractRemoteTestNG.java:115)
at org.testng.remote.RemoteTestNG.initAndRun(RemoteTestNG.java:251)
at org.testng.remote.RemoteTestNG.main(RemoteTestNG.java:77)
]]>
    </failure>
  </testcase> <!-- TestProva -->
  <testcase classname="deliverymuchbrasil.com.automation_test.TestProva" name="TestProva" time="1.634"/>
  <testcase classname="deliverymuchbrasil.com.automation_test.TestProva" name="TestProva" time="0.477"/>
  <testcase classname="deliverymuchbrasil.com.automation_test.TestProva" name="TestProva" time="0.483"/>
  <testcase classname="deliverymuchbrasil.com.automation_test.TestProva" name="TestProva" time="0.490"/>
  <testcase classname="deliverymuchbrasil.com.automation_test.TestProva" name="TestProva" time="0.482"/>
  <testcase classname="deliverymuchbrasil.com.automation_test.TestProva" name="TestProva" time="0.488"/>
  <testcase classname="deliverymuchbrasil.com.automation_test.TestProva" name="TestProva" time="0.503"/>
  <testcase classname="deliverymuchbrasil.com.automation_test.TestProva" name="TestProva" time="0.490"/>
  <testcase classname="deliverymuchbrasil.com.automation_test.TestProva" name="TestProva" time="0.493"/>
  <testcase classname="deliverymuchbrasil.com.automation_test.TestProva" name="TestProva" time="0.488"/>
  <testcase classname="deliverymuchbrasil.com.automation_test.TestProva" name="TestProva" time="0.483"/>
  <testcase classname="deliverymuchbrasil.com.automation_test.TestProva" name="TestProva" time="0.482"/>
</testsuite> <!-- deliverymuchbrasil.com.automation_test.TestProva -->
